<?xml version="1.0" encoding="UTF-8"?>
<testng-results skipped="0" failed="0" total="1" passed="1">
  <reporter-output>
  </reporter-output>
  <suite name="Default suite" duration-ms="454519" started-at="2015-11-07T10:59:27Z" finished-at="2015-11-07T11:07:01Z">
    <groups>
    </groups>
    <test name="Default test" duration-ms="454519" started-at="2015-11-07T10:59:27Z" finished-at="2015-11-07T11:07:01Z">
      <class name="testNG.Fisherprice">
        <test-method status="PASS" signature="setup()[pri:0, instance:testNG.Fisherprice@16856dd]" name="setup" is-config="true" duration-ms="203088" started-at="2015-11-07T16:29:27Z" finished-at="2015-11-07T16:32:50Z">
          <reporter-output>
          </reporter-output>
        </test-method> <!-- setup -->
        <test-method status="PASS" signature="testCase1()[pri:0, instance:testNG.Fisherprice@16856dd]" name="testCase1" duration-ms="251412" started-at="2015-11-07T16:32:50Z" finished-at="2015-11-07T16:37:01Z">
          <reporter-output>
          </reporter-output>
        </test-method> <!-- testCase1 -->
      </class> <!-- testNG.Fisherprice -->
    </test> <!-- Default test -->
  </suite> <!-- Default suite -->
</testng-results>
