<?xml version="1.0" encoding="UTF-8"?>
<testng-results skipped="0" failed="0" total="1" passed="1">
  <reporter-output>
  </reporter-output>
  <suite name="Default suite" duration-ms="12531" started-at="2015-11-02T08:52:42Z" finished-at="2015-11-02T08:52:55Z">
    <groups>
    </groups>
    <test name="Default test" duration-ms="12531" started-at="2015-11-02T08:52:42Z" finished-at="2015-11-02T08:52:55Z">
      <class name="pom.selectfrmdropdown">
        <test-method status="PASS" signature="setup()[pri:0, instance:pom.selectfrmdropdown@84f40f]" name="setup" is-config="true" duration-ms="9170" started-at="2015-11-02T14:22:42Z" finished-at="2015-11-02T14:22:51Z">
          <reporter-output>
          </reporter-output>
        </test-method> <!-- setup -->
        <test-method status="PASS" signature="Testcase1()[pri:0, instance:pom.selectfrmdropdown@84f40f]" name="Testcase1" duration-ms="3296" started-at="2015-11-02T14:22:52Z" finished-at="2015-11-02T14:22:55Z">
          <reporter-output>
          </reporter-output>
        </test-method> <!-- Testcase1 -->
      </class> <!-- pom.selectfrmdropdown -->
    </test> <!-- Default test -->
  </suite> <!-- Default suite -->
</testng-results>
