<?xml version="1.0" encoding="UTF-8"?>
<testng-results skipped="0" failed="0" total="2" passed="2">
  <reporter-output>
  </reporter-output>
  <suite name="Default suite" duration-ms="48" started-at="2015-06-27T07:19:31Z" finished-at="2015-06-27T07:19:31Z">
    <groups>
    </groups>
    <test name="Default test" duration-ms="48" started-at="2015-06-27T07:19:31Z" finished-at="2015-06-27T07:19:31Z">
      <class name="NG.NgClass">
        <test-method status="PASS" signature="test1()[pri:0, instance:NG.NgClass@dbe76f]" name="test1" duration-ms="16" started-at="2015-06-27T12:49:31Z" finished-at="2015-06-27T12:49:31Z">
          <reporter-output>
          </reporter-output>
        </test-method> <!-- test1 -->
        <test-method status="PASS" signature="test2()[pri:0, instance:NG.NgClass@dbe76f]" name="test2" duration-ms="0" started-at="2015-06-27T12:49:31Z" finished-at="2015-06-27T12:49:31Z">
          <reporter-output>
          </reporter-output>
        </test-method> <!-- test2 -->
      </class> <!-- NG.NgClass -->
    </test> <!-- Default test -->
  </suite> <!-- Default suite -->
</testng-results>
