<?xml version="1.0" encoding="UTF-8"?>
<!-- Generated by org.testng.reporters.JUnitXMLReporter -->
<testsuite hostname="7eleven1-PC" name="Default test" tests="3" failures="0" timestamp="2 Nov 2015 09:01:54 GMT" time="19.929" errors="0">
  <testcase name="scrollingToBottomofAPage" time="1.543" classname="advance.scroll"/>
  <testcase name="scrollingToElementofAPage" time="2.831" classname="advance.scroll"/>
  <testcase name="scrollingByCoordinatesofAPage" time="3.259" classname="advance.scroll"/>
</testsuite> <!-- Default test -->
