<?xml version="1.0" encoding="UTF-8"?>
<testng-results skipped="0" failed="0" total="1" passed="1">
  <reporter-output>
  </reporter-output>
  <suite name="Default suite" duration-ms="13224" started-at="2015-10-30T07:44:23Z" finished-at="2015-10-30T07:44:36Z">
    <groups>
    </groups>
    <test name="Default test" duration-ms="13224" started-at="2015-10-30T07:44:23Z" finished-at="2015-10-30T07:44:36Z">
      <class name="dp1.dp2">
        <test-method status="PASS" signature="setup()[pri:0, instance:dp1.dp2@120ba90]" name="setup" is-config="true" duration-ms="8" started-at="2015-10-30T13:14:23Z" finished-at="2015-10-30T13:14:23Z">
          <reporter-output>
          </reporter-output>
        </test-method> <!-- setup -->
        <test-method status="PASS" signature="testcase()[pri:0, instance:dp1.dp2@120ba90]" name="testcase" duration-ms="12821" started-at="2015-10-30T13:14:23Z" finished-at="2015-10-30T13:14:36Z">
          <reporter-output>
          </reporter-output>
        </test-method> <!-- testcase -->
        <test-method status="PASS" signature="alok()[pri:0, instance:dp1.dp2@120ba90]" name="alok" is-config="true" duration-ms="385" started-at="2015-10-30T13:14:36Z" finished-at="2015-10-30T13:14:36Z">
          <reporter-output>
          </reporter-output>
        </test-method> <!-- alok -->
      </class> <!-- dp1.dp2 -->
    </test> <!-- Default test -->
  </suite> <!-- Default suite -->
</testng-results>
