<?xml version="1.0" encoding="UTF-8"?>
<testng-results skipped="0" failed="0" total="1" passed="1">
  <reporter-output>
  </reporter-output>
  <suite name="Default suite" duration-ms="14267" started-at="2015-06-27T09:50:14Z" finished-at="2015-06-27T09:50:29Z">
    <groups>
    </groups>
    <test name="Default test" duration-ms="14267" started-at="2015-06-27T09:50:14Z" finished-at="2015-06-27T09:50:29Z">
      <class name="Firstprogram.SampleNG">
        <test-method status="PASS" signature="setup()[pri:0, instance:Firstprogram.SampleNG@1a1f635]" name="setup" is-config="true" duration-ms="12470" started-at="2015-06-27T15:20:14Z" finished-at="2015-06-27T15:20:27Z">
          <reporter-output>
          </reporter-output>
        </test-method> <!-- setup -->
        <test-method status="PASS" signature="testcase()[pri:0, instance:Firstprogram.SampleNG@1a1f635]" name="testcase" duration-ms="1506" started-at="2015-06-27T15:20:27Z" finished-at="2015-06-27T15:20:28Z">
          <reporter-output>
          </reporter-output>
        </test-method> <!-- testcase -->
        <test-method status="PASS" signature="close()[pri:0, instance:Firstprogram.SampleNG@1a1f635]" name="close" is-config="true" duration-ms="278" started-at="2015-06-27T15:20:28Z" finished-at="2015-06-27T15:20:29Z">
          <reporter-output>
          </reporter-output>
        </test-method> <!-- close -->
      </class> <!-- Firstprogram.SampleNG -->
    </test> <!-- Default test -->
  </suite> <!-- Default suite -->
</testng-results>
