<?xml version="1.0" encoding="UTF-8"?>
<testng-results skipped="0" failed="0" total="1" passed="1">
  <reporter-output>
  </reporter-output>
  <suite name="Default suite" duration-ms="11612" started-at="2015-10-30T11:17:36Z" finished-at="2015-10-30T11:17:48Z">
    <groups>
    </groups>
    <test name="Default test" duration-ms="11612" started-at="2015-10-30T11:17:36Z" finished-at="2015-10-30T11:17:48Z">
      <class name="cheating.aaaa">
        <test-method status="PASS" signature="startSelenium()[pri:0, instance:cheating.aaaa@611244]" name="startSelenium" is-config="true" duration-ms="8857" started-at="2015-10-30T16:47:36Z" finished-at="2015-10-30T16:47:45Z">
          <reporter-output>
          </reporter-output>
        </test-method> <!-- startSelenium -->
        <test-method status="PASS" signature="testUntitled()[pri:0, instance:cheating.aaaa@611244]" name="testUntitled" duration-ms="2591" started-at="2015-10-30T16:47:45Z" finished-at="2015-10-30T16:47:48Z">
          <reporter-output>
          </reporter-output>
        </test-method> <!-- testUntitled -->
        <test-method status="PASS" signature="stopSelenium()[pri:0, instance:cheating.aaaa@611244]" name="stopSelenium" is-config="true" duration-ms="151" started-at="2015-10-30T16:47:48Z" finished-at="2015-10-30T16:47:48Z">
          <reporter-output>
          </reporter-output>
        </test-method> <!-- stopSelenium -->
      </class> <!-- cheating.aaaa -->
    </test> <!-- Default test -->
  </suite> <!-- Default suite -->
</testng-results>
