<?xml version="1.0" encoding="UTF-8"?>
<!-- Generated by org.testng.reporters.JUnitXMLReporter -->
<testsuite hostname="7eleven1-PC" name="TestNG logs sample" tests="3" failures="1" timestamp="9 Jul 2015 08:57:43 GMT" time="0.23" errors="0">
  <testcase name="methodAddingNumbers" time="0.017" classname="testListener.loggingClass"/>
  <testcase name="dividedByZero" time="0.03" classname="testListener.loggingClass">
    <failure type="java.lang.ArithmeticException" message="/ by zero">
      <![CDATA[java.lang.ArithmeticException: / by zero
	at testListener.loggingClass.dividedByZero(loggingClass.java:14)
... Removed 24 stack frames]]>
    </failure>
  </testcase> <!-- dividedByZero -->
  <testcase name="methodSkip" time="0.0" classname="testListener.loggingClass">
    <skipped/>
  </testcase> <!-- methodSkip -->
</testsuite> <!-- TestNG logs sample -->
