<?xml version="1.0" encoding="UTF-8"?>
<!-- Generated by org.testng.reporters.JUnitXMLReporter -->
<testsuite hostname="7eleven1-PC" name="Default test" tests="3" failures="0" timestamp="21 Dec 2015 08:52:57 GMT" time="51.873" errors="0">
  <testcase name="@BeforeTest setUp" time="0.0" classname="ddTest.DataDriven">
    <failure type="org.openqa.selenium.WebDriverException" message="Failed to connect to binary FirefoxBinary(C:\Program Files (x86)\Mozilla Firefox\firefox.exe) on port 7055; process output follows: 
e4c6-7e08-4474-a285-3208198ce6fd}&amp;quot;:{&amp;quot;d&amp;quot;:&amp;quot;C:\\Program Files (x86)\\Mozilla Firefox\\browser\\extensions\\{972ce4c6-7e08-4474-a285-3208198ce6fd}&amp;quot;,&amp;quot;e&amp;quot;:true,&amp;quot;v&amp;quot;:&amp;quot;43.0.1&amp;quot;,&amp;quot;st&amp;quot;:1450519909399,&amp;quot;mt&amp;quot;:1450519908633}},&amp;quot;winreg-app-global&amp;quot;:{&amp;quot;{4ED1F68A-5463-4931-9384-8FFF5ED91D92}&amp;quot;:{&amp;quot;d&amp;quot;:&amp;quot;C:\\Program Files (x86)\\McAfee\\SiteAdvisor&amp;quot;,&amp;quot;e&amp;quot;:false,&amp;quot;v&amp;quot;:&amp;quot;3.6.6&amp;quot;,&amp;quot;st&amp;quot;:1399707877582,&amp;quot;mt&amp;quot;:1395226506000}}}
1450687931969	addons.xpi	DEBUG	No changes found
1450687931975	addons.xpi	DEBUG	Registering manifest for C:\Program Files (x86)\Mozilla Firefox\browser\extensions\{82AF8DCA-6DE9-405D-BD5E-43525BDAD38A}.xpi
1450687931975	addons.xpi	DEBUG	Loading bootstrap scope from C:\Program Files (x86)\Mozilla Firefox\browser\extensions\{82AF8DCA-6DE9-405D-BD5E-43525BDAD38A}.xpi
1450687931980	addons.xpi	DEBUG	Calling bootstrap method startup on {82AF8DCA-6DE9-405D-BD5E-43525BDAD38A} version 7.5.0.9082
1450687932019	addons.manager	DEBUG	Registering shutdown blocker for XPIProvider
1450687932020	addons.manager	DEBUG	Provider finished startup: XPIProvider
1450687932020	addons.manager	DEBUG	Starting provider: LightweightThemeManager
1450687932020	addons.manager	DEBUG	Registering shutdown blocker for LightweightThemeManager
1450687932020	addons.manager	DEBUG	Provider finished startup: LightweightThemeManager
1450687932020	addons.manager	DEBUG	Starting provider: GMPProvider
1450687932025	addons.manager	DEBUG	Registering shutdown blocker for GMPProvider
1450687932025	addons.manager	DEBUG	Provider finished startup: GMPProvider
1450687932025	addons.manager	DEBUG	Starting provider: PluginProvider
1450687932025	addons.manager	DEBUG	Registering shutdown blocker for PluginProvider
1450687932025	addons.manager	DEBUG	Provider finished startup: PluginProvider
1450687932026	addons.manager	DEBUG	Completed startup sequence
1450687932181	addons.xpi-utils	DEBUG	Starting async load of XPI database C:\Users\7eleven1\AppData\Local\Temp\anonymous6155158118347935129webdriver-profile\extensions.json
*** Blocklist::_loadBlocklistFromFile: blocklist is disabled
1450687932265	addons.manager	DEBUG	Starting provider: &amp;lt;unnamed-provider&amp;gt;
1450687932265	addons.manager	DEBUG	Registering shutdown blocker for &amp;lt;unnamed-provider&amp;gt;
1450687932265	addons.manager	DEBUG	Provider finished startup: &amp;lt;unnamed-provider&amp;gt;
1450687932351	addons.xpi-utils	DEBUG	Async JSON file read took 0 MS
1450687932351	addons.xpi-utils	DEBUG	Finished async read of XPI database, parsing...
1450687932352	addons.xpi-utils	DEBUG	Successfully read XPI database
1450687932418	addons.manager	DEBUG	Starting provider: PreviousExperimentProvider
1450687932419	addons.manager	DEBUG	Registering shutdown blocker for PreviousExperimentProvider
1450687932419	addons.manager	DEBUG	Provider finished startup: PreviousExperimentProvider
JavaScript error: resource://skype_ff_extension-at-jetpack/skype_ff_extension/data/c2c_options_menu_localization.js, line 189: TypeError: document.getElementById(...) is null
JavaScript warning: https://self-repair.mozilla.org/en-US/repair/, line 8: mutating the [[Prototype]] of an object will cause your code to run very slowly; instead create the object with the correct initial [[Prototype]] value using Object.create
1450687944434	addons.xpi	DEBUG	Calling bootstrap method shutdown on {82AF8DCA-6DE9-405D-BD5E-43525BDAD38A} version 7.5.0.9082
1450687944621	addons.manager	DEBUG	shutdown
1450687944622	addons.manager	DEBUG	Calling shutdown blocker for XPIProvider
1450687944622	addons.xpi	DEBUG	shutdown
1450687944622	addons.xpi-utils	DEBUG	shutdown
1450687944622	addons.manager	DEBUG	Calling shutdown blocker for LightweightThemeManager
1450687944623	addons.manager	DEBUG	Calling shutdown blocker for GMPProvider
1450687944624	addons.manager	DEBUG	Calling shutdown blocker for PluginProvider
1450687944624	addons.manager	DEBUG	Calling shutdown blocker for &amp;lt;unnamed-provider&amp;gt;
1450687944625	addons.manager	DEBUG	Calling shutdown blocker for PreviousExperimentProvider
1450687944628	addons.xpi	DEBUG	Notifying XPI shutdown observers
1450687944632	addons.manager	DEBUG	Async provider shutdown done

Build info: version: &amp;apos;2.45.0&amp;apos;, revision: &amp;apos;32a636c&amp;apos;, time: &amp;apos;2015-03-05 22:01:35&amp;apos;
System info: host: &amp;apos;7eleven1-PC&amp;apos;, ip: &amp;apos;192.168.1.7&amp;apos;, os.name: &amp;apos;Windows 7&amp;apos;, os.arch: &amp;apos;x86&amp;apos;, os.version: &amp;apos;6.1&amp;apos;, java.version: &amp;apos;1.8.0_65&amp;apos;
Driver info: driver.version: FirefoxDriver">
      <![CDATA[org.openqa.selenium.WebDriverException: Failed to connect to binary FirefoxBinary(C:\Program Files (x86)\Mozilla Firefox\firefox.exe) on port 7055; process output follows: 
e4c6-7e08-4474-a285-3208198ce6fd}":{"d":"C:\\Program Files (x86)\\Mozilla Firefox\\browser\\extensions\\{972ce4c6-7e08-4474-a285-3208198ce6fd}","e":true,"v":"43.0.1","st":1450519909399,"mt":1450519908633}},"winreg-app-global":{"{4ED1F68A-5463-4931-9384-8FFF5ED91D92}":{"d":"C:\\Program Files (x86)\\McAfee\\SiteAdvisor","e":false,"v":"3.6.6","st":1399707877582,"mt":1395226506000}}}
1450687931969	addons.xpi	DEBUG	No changes found
1450687931975	addons.xpi	DEBUG	Registering manifest for C:\Program Files (x86)\Mozilla Firefox\browser\extensions\{82AF8DCA-6DE9-405D-BD5E-43525BDAD38A}.xpi
1450687931975	addons.xpi	DEBUG	Loading bootstrap scope from C:\Program Files (x86)\Mozilla Firefox\browser\extensions\{82AF8DCA-6DE9-405D-BD5E-43525BDAD38A}.xpi
1450687931980	addons.xpi	DEBUG	Calling bootstrap method startup on {82AF8DCA-6DE9-405D-BD5E-43525BDAD38A} version 7.5.0.9082
1450687932019	addons.manager	DEBUG	Registering shutdown blocker for XPIProvider
1450687932020	addons.manager	DEBUG	Provider finished startup: XPIProvider
1450687932020	addons.manager	DEBUG	Starting provider: LightweightThemeManager
1450687932020	addons.manager	DEBUG	Registering shutdown blocker for LightweightThemeManager
1450687932020	addons.manager	DEBUG	Provider finished startup: LightweightThemeManager
1450687932020	addons.manager	DEBUG	Starting provider: GMPProvider
1450687932025	addons.manager	DEBUG	Registering shutdown blocker for GMPProvider
1450687932025	addons.manager	DEBUG	Provider finished startup: GMPProvider
1450687932025	addons.manager	DEBUG	Starting provider: PluginProvider
1450687932025	addons.manager	DEBUG	Registering shutdown blocker for PluginProvider
1450687932025	addons.manager	DEBUG	Provider finished startup: PluginProvider
1450687932026	addons.manager	DEBUG	Completed startup sequence
1450687932181	addons.xpi-utils	DEBUG	Starting async load of XPI database C:\Users\7eleven1\AppData\Local\Temp\anonymous6155158118347935129webdriver-profile\extensions.json
*** Blocklist::_loadBlocklistFromFile: blocklist is disabled
1450687932265	addons.manager	DEBUG	Starting provider: <unnamed-provider>
1450687932265	addons.manager	DEBUG	Registering shutdown blocker for <unnamed-provider>
1450687932265	addons.manager	DEBUG	Provider finished startup: <unnamed-provider>
1450687932351	addons.xpi-utils	DEBUG	Async JSON file read took 0 MS
1450687932351	addons.xpi-utils	DEBUG	Finished async read of XPI database, parsing...
1450687932352	addons.xpi-utils	DEBUG	Successfully read XPI database
1450687932418	addons.manager	DEBUG	Starting provider: PreviousExperimentProvider
1450687932419	addons.manager	DEBUG	Registering shutdown blocker for PreviousExperimentProvider
1450687932419	addons.manager	DEBUG	Provider finished startup: PreviousExperimentProvider
JavaScript error: resource://skype_ff_extension-at-jetpack/skype_ff_extension/data/c2c_options_menu_localization.js, line 189: TypeError: document.getElementById(...) is null
JavaScript warning: https://self-repair.mozilla.org/en-US/repair/, line 8: mutating the [[Prototype]] of an object will cause your code to run very slowly; instead create the object with the correct initial [[Prototype]] value using Object.create
1450687944434	addons.xpi	DEBUG	Calling bootstrap method shutdown on {82AF8DCA-6DE9-405D-BD5E-43525BDAD38A} version 7.5.0.9082
1450687944621	addons.manager	DEBUG	shutdown
1450687944622	addons.manager	DEBUG	Calling shutdown blocker for XPIProvider
1450687944622	addons.xpi	DEBUG	shutdown
1450687944622	addons.xpi-utils	DEBUG	shutdown
1450687944622	addons.manager	DEBUG	Calling shutdown blocker for LightweightThemeManager
1450687944623	addons.manager	DEBUG	Calling shutdown blocker for GMPProvider
1450687944624	addons.manager	DEBUG	Calling shutdown blocker for PluginProvider
1450687944624	addons.manager	DEBUG	Calling shutdown blocker for <unnamed-provider>
1450687944625	addons.manager	DEBUG	Calling shutdown blocker for PreviousExperimentProvider
1450687944628	addons.xpi	DEBUG	Notifying XPI shutdown observers
1450687944632	addons.manager	DEBUG	Async provider shutdown done

Build info: version: '2.45.0', revision: '32a636c', time: '2015-03-05 22:01:35'
System info: host: '7eleven1-PC', ip: '192.168.1.7', os.name: 'Windows 7', os.arch: 'x86', os.version: '6.1', java.version: '1.8.0_65'
Driver info: driver.version: FirefoxDriver
	at org.openqa.selenium.firefox.internal.NewProfileExtensionConnection.start(NewProfileExtensionConnection.java:130)
	at org.openqa.selenium.firefox.FirefoxDriver.startClient(FirefoxDriver.java:246)
	at org.openqa.selenium.remote.RemoteWebDriver.<init>(RemoteWebDriver.java:114)
	at org.openqa.selenium.firefox.FirefoxDriver.<init>(FirefoxDriver.java:193)
	at org.openqa.selenium.firefox.FirefoxDriver.<init>(FirefoxDriver.java:186)
	at org.openqa.selenium.firefox.FirefoxDriver.<init>(FirefoxDriver.java:182)
	at org.openqa.selenium.firefox.FirefoxDriver.<init>(FirefoxDriver.java:95)
	at ddTest.DataDriven.setUp(DataDriven.java:24)
	at sun.reflect.NativeMethodAccessorImpl.invoke0(Native Method)
	at sun.reflect.NativeMethodAccessorImpl.invoke(Unknown Source)
	at sun.reflect.DelegatingMethodAccessorImpl.invoke(Unknown Source)
	at java.lang.reflect.Method.invoke(Unknown Source)
	at org.testng.internal.MethodInvocationHelper.invokeMethod(MethodInvocationHelper.java:85)
	at org.testng.internal.Invoker.invokeConfigurationMethod(Invoker.java:521)
	at org.testng.internal.Invoker.invokeConfigurations(Invoker.java:213)
	at org.testng.internal.Invoker.invokeConfigurations(Invoker.java:140)
	at org.testng.TestRunner.beforeRun(TestRunner.java:645)
	at org.testng.TestRunner.run(TestRunner.java:613)
	at org.testng.SuiteRunner.runTest(SuiteRunner.java:357)
	at org.testng.SuiteRunner.runSequentially(SuiteRunner.java:352)
	at org.testng.SuiteRunner.privateRun(SuiteRunner.java:310)
	at org.testng.SuiteRunner.run(SuiteRunner.java:259)
	at org.testng.SuiteRunnerWorker.runSuite(SuiteRunnerWorker.java:52)
	at org.testng.SuiteRunnerWorker.run(SuiteRunnerWorker.java:86)
	at org.testng.TestNG.runSuitesSequentially(TestNG.java:1200)
	at org.testng.TestNG.runSuitesLocally(TestNG.java:1125)
	at org.testng.TestNG.run(TestNG.java:1033)
	at org.testng.remote.RemoteTestNG.run(RemoteTestNG.java:111)
	at org.testng.remote.RemoteTestNG.initAndRun(RemoteTestNG.java:204)
	at org.testng.remote.RemoteTestNG.main(RemoteTestNG.java:175)
Caused by: org.openqa.selenium.firefox.NotConnectedException: Unable to connect to host 127.0.0.1 on port 7055 after 45000 ms. Firefox console output:
e4c6-7e08-4474-a285-3208198ce6fd}":{"d":"C:\\Program Files (x86)\\Mozilla Firefox\\browser\\extensions\\{972ce4c6-7e08-4474-a285-3208198ce6fd}","e":true,"v":"43.0.1","st":1450519909399,"mt":1450519908633}},"winreg-app-global":{"{4ED1F68A-5463-4931-9384-8FFF5ED91D92}":{"d":"C:\\Program Files (x86)\\McAfee\\SiteAdvisor","e":false,"v":"3.6.6","st":1399707877582,"mt":1395226506000}}}
1450687931969	addons.xpi	DEBUG	No changes found
1450687931975	addons.xpi	DEBUG	Registering manifest for C:\Program Files (x86)\Mozilla Firefox\browser\extensions\{82AF8DCA-6DE9-405D-BD5E-43525BDAD38A}.xpi
1450687931975	addons.xpi	DEBUG	Loading bootstrap scope from C:\Program Files (x86)\Mozilla Firefox\browser\extensions\{82AF8DCA-6DE9-405D-BD5E-43525BDAD38A}.xpi
1450687931980	addons.xpi	DEBUG	Calling bootstrap method startup on {82AF8DCA-6DE9-405D-BD5E-43525BDAD38A} version 7.5.0.9082
1450687932019	addons.manager	DEBUG	Registering shutdown blocker for XPIProvider
1450687932020	addons.manager	DEBUG	Provider finished startup: XPIProvider
1450687932020	addons.manager	DEBUG	Starting provider: LightweightThemeManager
1450687932020	addons.manager	DEBUG	Registering shutdown blocker for LightweightThemeManager
1450687932020	addons.manager	DEBUG	Provider finished startup: LightweightThemeManager
1450687932020	addons.manager	DEBUG	Starting provider: GMPProvider
1450687932025	addons.manager	DEBUG	Registering shutdown blocker for GMPProvider
1450687932025	addons.manager	DEBUG	Provider finished startup: GMPProvider
1450687932025	addons.manager	DEBUG	Starting provider: PluginProvider
1450687932025	addons.manager	DEBUG	Registering shutdown blocker for PluginProvider
1450687932025	addons.manager	DEBUG	Provider finished startup: PluginProvider
1450687932026	addons.manager	DEBUG	Completed startup sequence
1450687932181	addons.xpi-utils	DEBUG	Starting async load of XPI database C:\Users\7eleven1\AppData\Local\Temp\anonymous6155158118347935129webdriver-profile\extensions.json
*** Blocklist::_loadBlocklistFromFile: blocklist is disabled
1450687932265	addons.manager	DEBUG	Starting provider: <unnamed-provider>
1450687932265	addons.manager	DEBUG	Registering shutdown blocker for <unnamed-provider>
1450687932265	addons.manager	DEBUG	Provider finished startup: <unnamed-provider>
1450687932351	addons.xpi-utils	DEBUG	Async JSON file read took 0 MS
1450687932351	addons.xpi-utils	DEBUG	Finished async read of XPI database, parsing...
1450687932352	addons.xpi-utils	DEBUG	Successfully read XPI database
1450687932418	addons.manager	DEBUG	Starting provider: PreviousExperimentProvider
1450687932419	addons.manager	DEBUG	Registering shutdown blocker for PreviousExperimentProvider
1450687932419	addons.manager	DEBUG	Provider finished startup: PreviousExperimentProvider
JavaScript error: resource://skype_ff_extension-at-jetpack/skype_ff_extension/data/c2c_options_menu_localization.js, line 189: TypeError: document.getElementById(...) is null
JavaScript warning: https://self-repair.mozilla.org/en-US/repair/, line 8: mutating the [[Prototype]] of an object will cause your code to run very slowly; instead create the object with the correct initial [[Prototype]] value using Object.create
1450687944434	addons.xpi	DEBUG	Calling bootstrap method shutdown on {82AF8DCA-6DE9-405D-BD5E-43525BDAD38A} version 7.5.0.9082
1450687944621	addons.manager	DEBUG	shutdown
1450687944622	addons.manager	DEBUG	Calling shutdown blocker for XPIProvider
1450687944622	addons.xpi	DEBUG	shutdown
1450687944622	addons.xpi-utils	DEBUG	shutdown
1450687944622	addons.manager	DEBUG	Calling shutdown blocker for LightweightThemeManager
1450687944623	addons.manager	DEBUG	Calling shutdown blocker for GMPProvider
1450687944624	addons.manager	DEBUG	Calling shutdown blocker for PluginProvider
1450687944624	addons.manager	DEBUG	Calling shutdown blocker for <unnamed-provider>
1450687944625	addons.manager	DEBUG	Calling shutdown blocker for PreviousExperimentProvider
1450687944628	addons.xpi	DEBUG	Notifying XPI shutdown observers
1450687944632	addons.manager	DEBUG	Async provider shutdown done

	at org.openqa.selenium.firefox.internal.NewProfileExtensionConnection.start(NewProfileExtensionConnection.java:118)
	... 29 more
]]>
    </failure>
  </testcase> <!-- @BeforeTest setUp -->
  <testcase name="@AfterTest tearDown" time="0.0" classname="ddTest.DataDriven">
    <skipped/>
  </testcase> <!-- @AfterTest tearDown -->
  <testcase name="testCase" time="0.002" classname="ddTest.DataDriven">
    <skipped/>
  </testcase> <!-- testCase -->
  <testcase name="testCase" time="0.001" classname="ddTest.DataDriven">
    <skipped/>
  </testcase> <!-- testCase -->
  <testcase name="testCase" time="0.001" classname="ddTest.DataDriven">
    <skipped/>
  </testcase> <!-- testCase -->
</testsuite> <!-- Default test -->
