<?xml version="1.0" encoding="UTF-8"?>
<testng-results skipped="0" failed="0" total="0" passed="0">
  <reporter-output>
  </reporter-output>
  <suite name="Default suite" duration-ms="51688" started-at="2015-12-21T10:36:46Z" finished-at="2015-12-21T10:37:38Z">
    <groups>
    </groups>
    <test name="Default test" duration-ms="51688" started-at="2015-12-21T10:36:46Z" finished-at="2015-12-21T10:37:38Z">
      <class name="exceltry.TestClass">
        <test-method status="FAIL" signature="setUp()[pri:0, instance:exceltry.TestClass@b729e6]" name="setUp" is-config="true" duration-ms="0" started-at="2015-12-21T16:06:46Z" finished-at="2015-12-21T16:06:46Z">
          <exception class="org.openqa.selenium.WebDriverException">
            <message>
              <![CDATA[Failed to connect to binary FirefoxBinary(C:\Program Files (x86)\Mozilla Firefox\firefox.exe) on port 7055; process output follows: 
e4c6-7e08-4474-a285-3208198ce6fd}":{"d":"C:\\Program Files (x86)\\Mozilla Firefox\\browser\\extensions\\{972ce4c6-7e08-4474-a285-3208198ce6fd}","e":true,"v":"43.0.1","st":1450519909399,"mt":1450519908633}},"winreg-app-global":{"{4ED1F68A-5463-4931-9384-8FFF5ED91D92}":{"d":"C:\\Program Files (x86)\\McAfee\\SiteAdvisor","e":false,"v":"3.6.6","st":1399707877582,"mt":1395226506000}}}
1450694213385	addons.xpi	DEBUG	No changes found
1450694213391	addons.xpi	DEBUG	Registering manifest for C:\Program Files (x86)\Mozilla Firefox\browser\extensions\{82AF8DCA-6DE9-405D-BD5E-43525BDAD38A}.xpi
1450694213391	addons.xpi	DEBUG	Loading bootstrap scope from C:\Program Files (x86)\Mozilla Firefox\browser\extensions\{82AF8DCA-6DE9-405D-BD5E-43525BDAD38A}.xpi
1450694213396	addons.xpi	DEBUG	Calling bootstrap method startup on {82AF8DCA-6DE9-405D-BD5E-43525BDAD38A} version 7.5.0.9082
1450694213433	addons.manager	DEBUG	Registering shutdown blocker for XPIProvider
1450694213433	addons.manager	DEBUG	Provider finished startup: XPIProvider
1450694213433	addons.manager	DEBUG	Starting provider: LightweightThemeManager
1450694213433	addons.manager	DEBUG	Registering shutdown blocker for LightweightThemeManager
1450694213434	addons.manager	DEBUG	Provider finished startup: LightweightThemeManager
1450694213434	addons.manager	DEBUG	Starting provider: GMPProvider
1450694213438	addons.manager	DEBUG	Registering shutdown blocker for GMPProvider
1450694213438	addons.manager	DEBUG	Provider finished startup: GMPProvider
1450694213438	addons.manager	DEBUG	Starting provider: PluginProvider
1450694213438	addons.manager	DEBUG	Registering shutdown blocker for PluginProvider
1450694213439	addons.manager	DEBUG	Provider finished startup: PluginProvider
1450694213439	addons.manager	DEBUG	Completed startup sequence
1450694213591	addons.xpi-utils	DEBUG	Starting async load of XPI database C:\Users\7eleven1\AppData\Local\Temp\anonymous8239863671249197115webdriver-profile\extensions.json
*** Blocklist::_loadBlocklistFromFile: blocklist is disabled
1450694213671	addons.manager	DEBUG	Starting provider: <unnamed-provider>
1450694213671	addons.manager	DEBUG	Registering shutdown blocker for <unnamed-provider>
1450694213672	addons.manager	DEBUG	Provider finished startup: <unnamed-provider>
1450694213759	addons.xpi-utils	DEBUG	Async JSON file read took 0 MS
1450694213759	addons.xpi-utils	DEBUG	Finished async read of XPI database, parsing...
1450694213760	addons.xpi-utils	DEBUG	Successfully read XPI database
1450694213829	addons.manager	DEBUG	Starting provider: PreviousExperimentProvider
1450694213829	addons.manager	DEBUG	Registering shutdown blocker for PreviousExperimentProvider
1450694213829	addons.manager	DEBUG	Provider finished startup: PreviousExperimentProvider
JavaScript error: resource://skype_ff_extension-at-jetpack/skype_ff_extension/data/c2c_options_menu_localization.js, line 189: TypeError: document.getElementById(...) is null
JavaScript warning: https://self-repair.mozilla.org/en-US/repair/, line 8: mutating the [[Prototype]] of an object will cause your code to run very slowly; instead create the object with the correct initial [[Prototype]] value using Object.create
1450694226725	addons.xpi	DEBUG	Calling bootstrap method shutdown on {82AF8DCA-6DE9-405D-BD5E-43525BDAD38A} version 7.5.0.9082
1450694226900	addons.manager	DEBUG	shutdown
1450694226901	addons.manager	DEBUG	Calling shutdown blocker for XPIProvider
1450694226901	addons.xpi	DEBUG	shutdown
1450694226901	addons.xpi-utils	DEBUG	shutdown
1450694226902	addons.manager	DEBUG	Calling shutdown blocker for LightweightThemeManager
1450694226902	addons.manager	DEBUG	Calling shutdown blocker for GMPProvider
1450694226903	addons.manager	DEBUG	Calling shutdown blocker for PluginProvider
1450694226904	addons.manager	DEBUG	Calling shutdown blocker for <unnamed-provider>
1450694226905	addons.manager	DEBUG	Calling shutdown blocker for PreviousExperimentProvider
1450694226907	addons.xpi	DEBUG	Notifying XPI shutdown observers
1450694226912	addons.manager	DEBUG	Async provider shutdown done

Build info: version: '2.45.0', revision: '32a636c', time: '2015-03-05 22:01:35'
System info: host: '7eleven1-PC', ip: '192.168.1.7', os.name: 'Windows 7', os.arch: 'x86', os.version: '6.1', java.version: '1.8.0_65'
Driver info: driver.version: FirefoxDriver]]>
            </message>
            <full-stacktrace>
              <![CDATA[org.openqa.selenium.WebDriverException: Failed to connect to binary FirefoxBinary(C:\Program Files (x86)\Mozilla Firefox\firefox.exe) on port 7055; process output follows: 
e4c6-7e08-4474-a285-3208198ce6fd}":{"d":"C:\\Program Files (x86)\\Mozilla Firefox\\browser\\extensions\\{972ce4c6-7e08-4474-a285-3208198ce6fd}","e":true,"v":"43.0.1","st":1450519909399,"mt":1450519908633}},"winreg-app-global":{"{4ED1F68A-5463-4931-9384-8FFF5ED91D92}":{"d":"C:\\Program Files (x86)\\McAfee\\SiteAdvisor","e":false,"v":"3.6.6","st":1399707877582,"mt":1395226506000}}}
1450694213385	addons.xpi	DEBUG	No changes found
1450694213391	addons.xpi	DEBUG	Registering manifest for C:\Program Files (x86)\Mozilla Firefox\browser\extensions\{82AF8DCA-6DE9-405D-BD5E-43525BDAD38A}.xpi
1450694213391	addons.xpi	DEBUG	Loading bootstrap scope from C:\Program Files (x86)\Mozilla Firefox\browser\extensions\{82AF8DCA-6DE9-405D-BD5E-43525BDAD38A}.xpi
1450694213396	addons.xpi	DEBUG	Calling bootstrap method startup on {82AF8DCA-6DE9-405D-BD5E-43525BDAD38A} version 7.5.0.9082
1450694213433	addons.manager	DEBUG	Registering shutdown blocker for XPIProvider
1450694213433	addons.manager	DEBUG	Provider finished startup: XPIProvider
1450694213433	addons.manager	DEBUG	Starting provider: LightweightThemeManager
1450694213433	addons.manager	DEBUG	Registering shutdown blocker for LightweightThemeManager
1450694213434	addons.manager	DEBUG	Provider finished startup: LightweightThemeManager
1450694213434	addons.manager	DEBUG	Starting provider: GMPProvider
1450694213438	addons.manager	DEBUG	Registering shutdown blocker for GMPProvider
1450694213438	addons.manager	DEBUG	Provider finished startup: GMPProvider
1450694213438	addons.manager	DEBUG	Starting provider: PluginProvider
1450694213438	addons.manager	DEBUG	Registering shutdown blocker for PluginProvider
1450694213439	addons.manager	DEBUG	Provider finished startup: PluginProvider
1450694213439	addons.manager	DEBUG	Completed startup sequence
1450694213591	addons.xpi-utils	DEBUG	Starting async load of XPI database C:\Users\7eleven1\AppData\Local\Temp\anonymous8239863671249197115webdriver-profile\extensions.json
*** Blocklist::_loadBlocklistFromFile: blocklist is disabled
1450694213671	addons.manager	DEBUG	Starting provider: <unnamed-provider>
1450694213671	addons.manager	DEBUG	Registering shutdown blocker for <unnamed-provider>
1450694213672	addons.manager	DEBUG	Provider finished startup: <unnamed-provider>
1450694213759	addons.xpi-utils	DEBUG	Async JSON file read took 0 MS
1450694213759	addons.xpi-utils	DEBUG	Finished async read of XPI database, parsing...
1450694213760	addons.xpi-utils	DEBUG	Successfully read XPI database
1450694213829	addons.manager	DEBUG	Starting provider: PreviousExperimentProvider
1450694213829	addons.manager	DEBUG	Registering shutdown blocker for PreviousExperimentProvider
1450694213829	addons.manager	DEBUG	Provider finished startup: PreviousExperimentProvider
JavaScript error: resource://skype_ff_extension-at-jetpack/skype_ff_extension/data/c2c_options_menu_localization.js, line 189: TypeError: document.getElementById(...) is null
JavaScript warning: https://self-repair.mozilla.org/en-US/repair/, line 8: mutating the [[Prototype]] of an object will cause your code to run very slowly; instead create the object with the correct initial [[Prototype]] value using Object.create
1450694226725	addons.xpi	DEBUG	Calling bootstrap method shutdown on {82AF8DCA-6DE9-405D-BD5E-43525BDAD38A} version 7.5.0.9082
1450694226900	addons.manager	DEBUG	shutdown
1450694226901	addons.manager	DEBUG	Calling shutdown blocker for XPIProvider
1450694226901	addons.xpi	DEBUG	shutdown
1450694226901	addons.xpi-utils	DEBUG	shutdown
1450694226902	addons.manager	DEBUG	Calling shutdown blocker for LightweightThemeManager
1450694226902	addons.manager	DEBUG	Calling shutdown blocker for GMPProvider
1450694226903	addons.manager	DEBUG	Calling shutdown blocker for PluginProvider
1450694226904	addons.manager	DEBUG	Calling shutdown blocker for <unnamed-provider>
1450694226905	addons.manager	DEBUG	Calling shutdown blocker for PreviousExperimentProvider
1450694226907	addons.xpi	DEBUG	Notifying XPI shutdown observers
1450694226912	addons.manager	DEBUG	Async provider shutdown done

Build info: version: '2.45.0', revision: '32a636c', time: '2015-03-05 22:01:35'
System info: host: '7eleven1-PC', ip: '192.168.1.7', os.name: 'Windows 7', os.arch: 'x86', os.version: '6.1', java.version: '1.8.0_65'
Driver info: driver.version: FirefoxDriver
	at org.openqa.selenium.firefox.internal.NewProfileExtensionConnection.start(NewProfileExtensionConnection.java:130)
	at org.openqa.selenium.firefox.FirefoxDriver.startClient(FirefoxDriver.java:246)
	at org.openqa.selenium.remote.RemoteWebDriver.<init>(RemoteWebDriver.java:114)
	at org.openqa.selenium.firefox.FirefoxDriver.<init>(FirefoxDriver.java:193)
	at org.openqa.selenium.firefox.FirefoxDriver.<init>(FirefoxDriver.java:186)
	at org.openqa.selenium.firefox.FirefoxDriver.<init>(FirefoxDriver.java:182)
	at org.openqa.selenium.firefox.FirefoxDriver.<init>(FirefoxDriver.java:95)
	at exceltry.TestClass.setUp(TestClass.java:16)
	at sun.reflect.NativeMethodAccessorImpl.invoke0(Native Method)
	at sun.reflect.NativeMethodAccessorImpl.invoke(Unknown Source)
	at sun.reflect.DelegatingMethodAccessorImpl.invoke(Unknown Source)
	at java.lang.reflect.Method.invoke(Unknown Source)
	at org.testng.internal.MethodInvocationHelper.invokeMethod(MethodInvocationHelper.java:84)
	at org.testng.internal.Invoker.invokeConfigurationMethod(Invoker.java:564)
	at org.testng.internal.Invoker.invokeConfigurations(Invoker.java:213)
	at org.testng.internal.Invoker.invokeConfigurations(Invoker.java:138)
	at org.testng.TestRunner.beforeRun(TestRunner.java:641)
	at org.testng.TestRunner.run(TestRunner.java:609)
	at org.testng.SuiteRunner.runTest(SuiteRunner.java:334)
	at org.testng.SuiteRunner.runSequentially(SuiteRunner.java:329)
	at org.testng.SuiteRunner.privateRun(SuiteRunner.java:291)
	at org.testng.SuiteRunner.run(SuiteRunner.java:240)
	at org.testng.SuiteRunnerWorker.runSuite(SuiteRunnerWorker.java:52)
	at org.testng.SuiteRunnerWorker.run(SuiteRunnerWorker.java:86)
	at org.testng.TestNG.runSuitesSequentially(TestNG.java:1224)
	at org.testng.TestNG.runSuitesLocally(TestNG.java:1149)
	at org.testng.TestNG.run(TestNG.java:1057)
	at org.testng.remote.RemoteTestNG.run(RemoteTestNG.java:111)
	at org.testng.remote.RemoteTestNG.initAndRun(RemoteTestNG.java:204)
	at org.testng.remote.RemoteTestNG.main(RemoteTestNG.java:175)
Caused by: org.openqa.selenium.firefox.NotConnectedException: Unable to connect to host 127.0.0.1 on port 7055 after 45000 ms. Firefox console output:
e4c6-7e08-4474-a285-3208198ce6fd}":{"d":"C:\\Program Files (x86)\\Mozilla Firefox\\browser\\extensions\\{972ce4c6-7e08-4474-a285-3208198ce6fd}","e":true,"v":"43.0.1","st":1450519909399,"mt":1450519908633}},"winreg-app-global":{"{4ED1F68A-5463-4931-9384-8FFF5ED91D92}":{"d":"C:\\Program Files (x86)\\McAfee\\SiteAdvisor","e":false,"v":"3.6.6","st":1399707877582,"mt":1395226506000}}}
1450694213385	addons.xpi	DEBUG	No changes found
1450694213391	addons.xpi	DEBUG	Registering manifest for C:\Program Files (x86)\Mozilla Firefox\browser\extensions\{82AF8DCA-6DE9-405D-BD5E-43525BDAD38A}.xpi
1450694213391	addons.xpi	DEBUG	Loading bootstrap scope from C:\Program Files (x86)\Mozilla Firefox\browser\extensions\{82AF8DCA-6DE9-405D-BD5E-43525BDAD38A}.xpi
1450694213396	addons.xpi	DEBUG	Calling bootstrap method startup on {82AF8DCA-6DE9-405D-BD5E-43525BDAD38A} version 7.5.0.9082
1450694213433	addons.manager	DEBUG	Registering shutdown blocker for XPIProvider
1450694213433	addons.manager	DEBUG	Provider finished startup: XPIProvider
1450694213433	addons.manager	DEBUG	Starting provider: LightweightThemeManager
1450694213433	addons.manager	DEBUG	Registering shutdown blocker for LightweightThemeManager
1450694213434	addons.manager	DEBUG	Provider finished startup: LightweightThemeManager
1450694213434	addons.manager	DEBUG	Starting provider: GMPProvider
1450694213438	addons.manager	DEBUG	Registering shutdown blocker for GMPProvider
1450694213438	addons.manager	DEBUG	Provider finished startup: GMPProvider
1450694213438	addons.manager	DEBUG	Starting provider: PluginProvider
1450694213438	addons.manager	DEBUG	Registering shutdown blocker for PluginProvider
1450694213439	addons.manager	DEBUG	Provider finished startup: PluginProvider
1450694213439	addons.manager	DEBUG	Completed startup sequence
1450694213591	addons.xpi-utils	DEBUG	Starting async load of XPI database C:\Users\7eleven1\AppData\Local\Temp\anonymous8239863671249197115webdriver-profile\extensions.json
*** Blocklist::_loadBlocklistFromFile: blocklist is disabled
1450694213671	addons.manager	DEBUG	Starting provider: <unnamed-provider>
1450694213671	addons.manager	DEBUG	Registering shutdown blocker for <unnamed-provider>
1450694213672	addons.manager	DEBUG	Provider finished startup: <unnamed-provider>
1450694213759	addons.xpi-utils	DEBUG	Async JSON file read took 0 MS
1450694213759	addons.xpi-utils	DEBUG	Finished async read of XPI database, parsing...
1450694213760	addons.xpi-utils	DEBUG	Successfully read XPI database
1450694213829	addons.manager	DEBUG	Starting provider: PreviousExperimentProvider
1450694213829	addons.manager	DEBUG	Registering shutdown blocker for PreviousExperimentProvider
1450694213829	addons.manager	DEBUG	Provider finished startup: PreviousExperimentProvider
JavaScript error: resource://skype_ff_extension-at-jetpack/skype_ff_extension/data/c2c_options_menu_localization.js, line 189: TypeError: document.getElementById(...) is null
JavaScript warning: https://self-repair.mozilla.org/en-US/repair/, line 8: mutating the [[Prototype]] of an object will cause your code to run very slowly; instead create the object with the correct initial [[Prototype]] value using Object.create
1450694226725	addons.xpi	DEBUG	Calling bootstrap method shutdown on {82AF8DCA-6DE9-405D-BD5E-43525BDAD38A} version 7.5.0.9082
1450694226900	addons.manager	DEBUG	shutdown
1450694226901	addons.manager	DEBUG	Calling shutdown blocker for XPIProvider
1450694226901	addons.xpi	DEBUG	shutdown
1450694226901	addons.xpi-utils	DEBUG	shutdown
1450694226902	addons.manager	DEBUG	Calling shutdown blocker for LightweightThemeManager
1450694226902	addons.manager	DEBUG	Calling shutdown blocker for GMPProvider
1450694226903	addons.manager	DEBUG	Calling shutdown blocker for PluginProvider
1450694226904	addons.manager	DEBUG	Calling shutdown blocker for <unnamed-provider>
1450694226905	addons.manager	DEBUG	Calling shutdown blocker for PreviousExperimentProvider
1450694226907	addons.xpi	DEBUG	Notifying XPI shutdown observers
1450694226912	addons.manager	DEBUG	Async provider shutdown done

	at org.openqa.selenium.firefox.internal.NewProfileExtensionConnection.start(NewProfileExtensionConnection.java:118)
	... 29 more
]]>
            </full-stacktrace>
          </exception> <!-- org.openqa.selenium.WebDriverException -->
          <reporter-output>
          </reporter-output>
        </test-method> <!-- setUp -->
        <test-method status="SKIP" signature="tearDown()[pri:0, instance:exceltry.TestClass@b729e6]" name="tearDown" is-config="true" duration-ms="0" started-at="2015-12-21T16:07:38Z" finished-at="2015-12-21T16:07:38Z">
          <reporter-output>
          </reporter-output>
        </test-method> <!-- tearDown -->
      </class> <!-- exceltry.TestClass -->
    </test> <!-- Default test -->
  </suite> <!-- Default suite -->
</testng-results>
