<?xml version="1.0" encoding="UTF-8"?>
<testng-results skipped="0" failed="0" total="1" passed="1">
  <reporter-output>
  </reporter-output>
  <suite name="Default suite" duration-ms="27678" started-at="2015-07-10T05:37:17Z" finished-at="2015-07-10T05:37:45Z">
    <groups>
    </groups>
    <test name="Default test" duration-ms="27678" started-at="2015-07-10T05:37:17Z" finished-at="2015-07-10T05:37:45Z">
      <class name="datadriven.TestClass">
        <test-method status="PASS" signature="setUp()[pri:0, instance:datadriven.TestClass@1b93c4c]" name="setUp" is-config="true" duration-ms="27445" started-at="2015-07-10T11:07:17Z" finished-at="2015-07-10T11:07:44Z">
          <reporter-output>
          </reporter-output>
        </test-method> <!-- setUp -->
        <test-method status="PASS" signature="testcase()[pri:0, instance:datadriven.TestClass@1b93c4c]" name="testcase" duration-ms="148" started-at="2015-07-10T11:07:44Z" finished-at="2015-07-10T11:07:45Z">
          <reporter-output>
          </reporter-output>
        </test-method> <!-- testcase -->
      </class> <!-- datadriven.TestClass -->
    </test> <!-- Default test -->
  </suite> <!-- Default suite -->
</testng-results>
