<?xml version="1.0" encoding="UTF-8"?>
<testng-results skipped="0" failed="0" total="3" passed="3">
  <reporter-output>
  </reporter-output>
  <suite name="Default suite" duration-ms="38015" started-at="2015-10-19T08:35:58Z" finished-at="2015-10-19T08:36:36Z">
    <groups>
    </groups>
    <test name="Default test" duration-ms="38015" started-at="2015-10-19T08:35:58Z" finished-at="2015-10-19T08:36:36Z">
      <class name="pa2.pa4">
        <test-method status="PASS" signature="Setup()[pri:0, instance:pa2.pa4@d24866]" name="Setup" is-config="true" duration-ms="32018" started-at="2015-10-19T14:05:58Z" finished-at="2015-10-19T14:06:30Z">
          <reporter-output>
          </reporter-output>
        </test-method> <!-- Setup -->
        <test-method status="PASS" signature="testcase(java.lang.String, java.lang.String)[pri:0, instance:pa2.pa4@d24866]" name="testcase" duration-ms="3598" started-at="2015-10-19T14:06:30Z" data-provider="testData" finished-at="2015-10-19T14:06:34Z">
          <params>
            <param index="0">
              <value>
                <![CDATA[red]]>
              </value>
            </param>
            <param index="1">
              <value>
                <![CDATA[green]]>
              </value>
            </param>
          </params>
          <reporter-output>
          </reporter-output>
        </test-method> <!-- testcase -->
        <test-method status="PASS" signature="testcase(java.lang.String, java.lang.String)[pri:0, instance:pa2.pa4@d24866]" name="testcase" duration-ms="718" started-at="2015-10-19T14:06:34Z" data-provider="testData" finished-at="2015-10-19T14:06:35Z">
          <params>
            <param index="0">
              <value>
                <![CDATA[blue]]>
              </value>
            </param>
            <param index="1">
              <value>
                <![CDATA[yellow]]>
              </value>
            </param>
          </params>
          <reporter-output>
          </reporter-output>
        </test-method> <!-- testcase -->
        <test-method status="PASS" signature="testcase(java.lang.String, java.lang.String)[pri:0, instance:pa2.pa4@d24866]" name="testcase" duration-ms="778" started-at="2015-10-19T14:06:35Z" data-provider="testData" finished-at="2015-10-19T14:06:36Z">
          <params>
            <param index="0">
              <value>
                <![CDATA[white]]>
              </value>
            </param>
            <param index="1">
              <value>
                <![CDATA[pink]]>
              </value>
            </param>
          </params>
          <reporter-output>
          </reporter-output>
        </test-method> <!-- testcase -->
        <test-method status="PASS" signature="close()[pri:0, instance:pa2.pa4@d24866]" name="close" is-config="true" duration-ms="543" started-at="2015-10-19T14:06:36Z" finished-at="2015-10-19T14:06:36Z">
          <reporter-output>
          </reporter-output>
        </test-method> <!-- close -->
      </class> <!-- pa2.pa4 -->
    </test> <!-- Default test -->
  </suite> <!-- Default suite -->
</testng-results>
