<?xml version="1.0" encoding="UTF-8"?>
<!-- Generated by org.testng.reporters.JUnitXMLReporter -->
<testsuite hostname="7eleven1-PC" name="testSingleString" tests="1" failures="1" timestamp="8 Jul 2015 06:29:35 GMT" time="0.045" errors="0">
  <testcase name="testSingleString" time="0.013" classname="parametrng.ngclass">
    <failure type="java.lang.AssertionError" message="expected [Alok1] but found [Alok]">
      <![CDATA[java.lang.AssertionError: expected [Alok1] but found [Alok]
	at parametrng.ngclass.testSingleString(ngclass.java:11)
... Removed 29 stack frames]]>
    </failure>
  </testcase> <!-- testSingleString -->
</testsuite> <!-- testSingleString -->
