<?xml version="1.0" encoding="UTF-8"?>
<testng-results skipped="0" failed="1" total="1" passed="0">
  <reporter-output>
  </reporter-output>
  <suite name="Default suite" duration-ms="33261" started-at="2015-07-27T12:29:36Z" finished-at="2015-07-27T12:30:09Z">
    <groups>
    </groups>
    <test name="Default test" duration-ms="33261" started-at="2015-07-27T12:29:36Z" finished-at="2015-07-27T12:30:09Z">
      <class name="excelSheet.readData">
        <test-method status="PASS" signature="setup()[pri:0, instance:excelSheet.readData@1feaa19]" name="setup" is-config="true" duration-ms="33012" started-at="2015-07-27T17:59:36Z" finished-at="2015-07-27T18:00:09Z">
          <reporter-output>
          </reporter-output>
        </test-method> <!-- setup -->
        <test-method status="FAIL" signature="testCase(java.lang.String, java.lang.String)[pri:0, instance:excelSheet.readData@1feaa19]" name="testCase" duration-ms="0" started-at="2015-07-27T18:00:09Z" data-provider="empLogin" finished-at="2015-07-27T18:00:09Z">
          <exception class="java.lang.RuntimeException">
            <message>
              <![CDATA[org.apache.poi.POIXMLException: org.apache.poi.openxml4j.exceptions.InvalidFormatException: Package should contain a content type part [M1.13]]]>
            </message>
            <full-stacktrace>
              <![CDATA[java.lang.RuntimeException: org.apache.poi.POIXMLException: org.apache.poi.openxml4j.exceptions.InvalidFormatException: Package should contain a content type part [M1.13]
	at org.testng.internal.MethodInvocationHelper.invokeDataProvider(MethodInvocationHelper.java:161)
	at org.testng.internal.Parameters.handleParameters(Parameters.java:429)
	at org.testng.internal.Invoker.handleParameters(Invoker.java:1383)
	at org.testng.internal.Invoker.createParameters(Invoker.java:1075)
	at org.testng.internal.Invoker.invokeTestMethods(Invoker.java:1180)
	at org.testng.internal.TestMethodWorker.invokeTestMethods(TestMethodWorker.java:127)
	at org.testng.internal.TestMethodWorker.run(TestMethodWorker.java:111)
	at org.testng.TestRunner.privateRun(TestRunner.java:767)
	at org.testng.TestRunner.run(TestRunner.java:617)
	at org.testng.SuiteRunner.runTest(SuiteRunner.java:334)
	at org.testng.SuiteRunner.runSequentially(SuiteRunner.java:329)
	at org.testng.SuiteRunner.privateRun(SuiteRunner.java:291)
	at org.testng.SuiteRunner.run(SuiteRunner.java:240)
	at org.testng.SuiteRunnerWorker.runSuite(SuiteRunnerWorker.java:52)
	at org.testng.SuiteRunnerWorker.run(SuiteRunnerWorker.java:86)
	at org.testng.TestNG.runSuitesSequentially(TestNG.java:1224)
	at org.testng.TestNG.runSuitesLocally(TestNG.java:1149)
	at org.testng.TestNG.run(TestNG.java:1057)
	at org.testng.remote.RemoteTestNG.run(RemoteTestNG.java:111)
	at org.testng.remote.RemoteTestNG.initAndRun(RemoteTestNG.java:204)
	at org.testng.remote.RemoteTestNG.main(RemoteTestNG.java:175)
Caused by: org.apache.poi.POIXMLException: org.apache.poi.openxml4j.exceptions.InvalidFormatException: Package should contain a content type part [M1.13]
	at org.apache.poi.util.PackageHelper.open(PackageHelper.java:39)
	at org.apache.poi.xssf.usermodel.XSSFWorkbook.<init>(XSSFWorkbook.java:266)
	at excelSheet.readData.getExcelData(readData.java:71)
	at excelSheet.readData.loginData(readData.java:59)
	at sun.reflect.NativeMethodAccessorImpl.invoke0(Native Method)
	at sun.reflect.NativeMethodAccessorImpl.invoke(Unknown Source)
	at sun.reflect.DelegatingMethodAccessorImpl.invoke(Unknown Source)
	at java.lang.reflect.Method.invoke(Unknown Source)
	at org.testng.internal.MethodInvocationHelper.invokeMethod(MethodInvocationHelper.java:84)
	at org.testng.internal.MethodInvocationHelper.invokeDataProvider(MethodInvocationHelper.java:135)
	... 20 more
Caused by: org.apache.poi.openxml4j.exceptions.InvalidFormatException: Package should contain a content type part [M1.13]
	at org.apache.poi.openxml4j.opc.ZipPackage.getPartsImpl(ZipPackage.java:203)
	at org.apache.poi.openxml4j.opc.OPCPackage.getParts(OPCPackage.java:684)
	at org.apache.poi.openxml4j.opc.OPCPackage.open(OPCPackage.java:275)
	at org.apache.poi.util.PackageHelper.open(PackageHelper.java:37)
	... 29 more
]]>
            </full-stacktrace>
          </exception> <!-- java.lang.RuntimeException -->
          <reporter-output>
          </reporter-output>
        </test-method> <!-- testCase -->
      </class> <!-- excelSheet.readData -->
    </test> <!-- Default test -->
  </suite> <!-- Default suite -->
</testng-results>
