<?xml version="1.0" encoding="UTF-8"?>
<testng-results skipped="0" failed="0" total="1" passed="1">
  <reporter-output>
  </reporter-output>
  <suite name="Default suite" duration-ms="26" started-at="2015-06-27T07:42:58Z" finished-at="2015-06-27T07:42:59Z">
    <groups>
    </groups>
    <test name="Default test" duration-ms="26" started-at="2015-06-27T07:42:58Z" finished-at="2015-06-27T07:42:59Z">
      <class name="alok.abc">
        <test-method status="PASS" signature="Testcase1()[pri:0, instance:alok.abc@101614a]" name="Testcase1" duration-ms="15" started-at="2015-06-27T13:12:58Z" finished-at="2015-06-27T13:12:59Z">
          <reporter-output>
          </reporter-output>
        </test-method> <!-- Testcase1 -->
      </class> <!-- alok.abc -->
    </test> <!-- Default test -->
  </suite> <!-- Default suite -->
</testng-results>
