<?xml version="1.0" encoding="UTF-8"?>
<testng-results skipped="0" failed="0" total="1" passed="1">
  <reporter-output>
  </reporter-output>
  <suite name="Default suite" duration-ms="31421" started-at="2015-06-21T09:02:35Z" finished-at="2015-06-21T09:03:06Z">
    <groups>
    </groups>
    <test name="Default test" duration-ms="31421" started-at="2015-06-21T09:02:35Z" finished-at="2015-06-21T09:03:06Z">
      <class name="deep1.deep2">
        <test-method status="PASS" signature="setup()[pri:0, instance:deep1.deep2@100a384]" name="setup" is-config="true" duration-ms="7" started-at="2015-06-21T14:32:35Z" finished-at="2015-06-21T14:32:35Z">
          <reporter-output>
          </reporter-output>
        </test-method> <!-- setup -->
        <test-method status="PASS" signature="test()[pri:0, instance:deep1.deep2@100a384]" name="test" duration-ms="31401" started-at="2015-06-21T14:32:35Z" finished-at="2015-06-21T14:33:06Z">
          <reporter-output>
          </reporter-output>
        </test-method> <!-- test -->
        <test-method status="PASS" signature="test2()[pri:0, instance:deep1.deep2@100a384]" name="test2" is-config="true" duration-ms="1" started-at="2015-06-21T14:33:06Z" finished-at="2015-06-21T14:33:06Z">
          <reporter-output>
          </reporter-output>
        </test-method> <!-- test2 -->
      </class> <!-- deep1.deep2 -->
    </test> <!-- Default test -->
  </suite> <!-- Default suite -->
</testng-results>
